15:44:05.450 skipping bootstrap configuration: could not find or read file: classpath:karate-config.js
15:13:23.079 request:
1 > POST https://reqres.in/api/register
1 > Accept-Encoding: gzip,deflate
1 > Connection: Keep-Alive
1 > Content-Length: 42
1 > Content-Type: application/x-www-form-urlencoded; charset=UTF-8
1 > Host: reqres.in
1 > User-Agent: Apache-HttpClient/4.5.12 (Java/1.8.0_181)
email=eve.holt%40reqres.in&password=pistol

15:13:23.601 response time in milliseconds: 528.71
1 < 200
1 < Access-Control-Allow-Origin: *
1 < CF-Cache-Status: DYNAMIC
1 < CF-RAY: 5dd7be2bcacbf3df-LHR
1 < Connection: keep-alive
1 < Content-Length: 36
1 < Content-Type: application/json; charset=utf-8
1 < Date: Mon, 05 Oct 2020 14:13:21 GMT
1 < Etag: W/"24-4iP0za1geN2he+ohu8F0FhCjLks"
1 < Expect-CT: max-age=604800, report-uri="https://report-uri.cloudflare.com/cdn-cgi/beacon/expect-ct"
1 < NEL: {"report_to":"cf-nel","max_age":604800}
1 < Report-To: {"endpoints":[{"url":"https:\/\/a.nel.cloudflare.com\/report?lkg-colo=21&lkg-time=1601907202"}],"group":"cf-nel","max_age":604800}
1 < Server: cloudflare
1 < Set-Cookie: __cfduid=db7ed35b137f23e8325ee464c5bf99e901601907201; expires=Wed, 04-Nov-20 14:13:21 GMT; path=/; domain=.reqres.in; HttpOnly; SameSite=Lax; Secure
1 < Via: 1.1 vegur
1 < X-Powered-By: Express
1 < cf-request-id: 059ab52f5e0000f3df41af3200000001
{"id":4,"token":"QpwL5tke4Pnpja7X4"}

15:13:23.733 [print] response--- {
  "id": 4,
  "token": "QpwL5tke4Pnpja7X4"
}

time: 616, url: https://reqres.in/api/register, response: {"error":"Note: Only defined users succeed registration"}
opment, infrastructure, the server, performance, and the stack end of things."}}

12:58:11.735 [print] {
  "ad": {
    "company": "StatusCode Weekly",
    "text": "A weekly newsletter focusing on software development, infrastructure, the server, performance, and the stack end of things.",
    "url": "http://statuscode.org/"
  },
  "data": {
    "last_name": "Weaver",
    "id": 2,
    "avatar": "https://s3.amazonaws.com/uifaces/faces/twitter/josephstein/128.jpg",
    "first_name": "Janet",
    "email": "janet.weaver@reqres.in"
  }
}

29:28.445 assertion failed: path: $, actual: {"ad":{"company":"StatusCode Weekly","text":"A weekly newsletter focusing on software development, infrastructure, the server, performance, and the stack end of things.","url":"http:\/\/statuscode.org\/"},"data":{"last_name":"Bluth","id":1,"avatar":"https:\/\/s3.amazonaws.com\/uifaces\/faces\/twitter\/calebogden\/128.jpg","first_name":"George","email":"george.bluth@reqres.in"}}, expected: null, reason: actual value is not null
10:29:28.507 skipping bootstrap configuration: could not find or read file: classpath:karate-config.js
10:29:28.562 request:
1 > GET https://reqres.in/api/users/2
1 > Accept-Encoding: gzip,deflate
1 > Connection: Keep-Alive
1 > Host: reqres.in
1 > User-Agent: Apache-HttpClient/4.5.12 (Java/1.8.0_181)

10:29:28.673 response time in milliseconds: 112.67
1 < 200
1 < Access-Control-Allow-Origin: *
1 < Age: 269
1 < CF-Cache-Status: HIT
1 < CF-RAY: 5dd61e463cb8dc33-LHR
1 < Cache-Control: max-age=14400
1 < Connection: keep-alive
1 < Content-Type: application/json; charset=utf-8
1 < Date: Mon, 05 Oct 2020 09:29:26 GMT
1 < Etag: W/"173-1Z8bn0V7UjH6FK7NCaza1ccWXQk"
1 < Expect-CT: max-age=604800, report-uri="https://report-uri.cloudflare.com/cdn-cgi/beacon/expect-ct"
1 < NEL: {"report_to":"cf-nel","max_age":604800}
1 < Report-To: {"endpoints":[{"url":"https:\/\/a.nel.cloudflare.com\/report?lkg-colo=21&lkg-time=1601890167"}],"group":"cf-nel","max_age":604800}
1 < Server: cloudflare
1 < Set-Cookie: __cfduid=dd37b046c7c5f2eedf9d415bfc3040aca1601890166; expires=Wed, 04-Nov-20 09:29:26 GMT; path=/; domain=.reqres.in; HttpOnly; SameSite=Lax; Secure
1 < Transfer-Encoding: chunked
1 < Vary: Accept-Encoding
1 < Via: 1.1 vegur
1 < X-Powered-By: Express
1 < cf-request-id: 0599b13fe60000dc33b92d1200000001
{"data":{"id":2,"email":"janet.weaver@reqres.in","first_name":"Janet","last_name":"Weaver","avatar":"https://s3.amazonaws.com/uifaces/faces/twitter/josephstein/128.jpg"},"ad":{"company":"StatusCode Weekly","url":"http://statuscode.org/","text":"A weekly newsletter focusing on software development, infrastructure, the server, performance, and the stack end of things."}}

10:29:28.682 [print] {
  "ad": {
    "company": "StatusCode Weekly",
    "text": "A weekly newsletter focusing on software development, infrastructure, the server, performance, and the stack end of things.",
    "url": "http://statuscode.org/"
  },
  "data": {
    "last_name": "Weaver",
    "id": 2,
    "avatar": "https://s3.amazonaws.com/uifaces/faces/twitter/josephstein/128.jpg",
    "first_name": "Janet",
    "email": "janet.weaver@reqres.in"
  }
}

10:29:28.684 assertion failed: path: $, actual: {"ad":{"company":"StatusCode Weekly","text":"A weekly newsletter focusing on software development, infrastructure, the server, performance, and the stack end of things.","url":"http:\/\/statuscode.org\/"},"data":{"last_name":"Weaver","id":2,"avatar":"https:\/\/s3.amazonaws.com\/uifaces\/faces\/twitter\/josephstein\/128.jpg","first_name":"Janet","email":"janet.weaver@reqres.in"}}, expected: null, reason: actual value is not null
10:29:28.704 skipping bootstrap configuration: could not find or read file: classpath:karate-config.js
10:29:28.724 request:
1 > GET https://reqres.in/api/users/3
1 > Accept-Encoding: gzip,deflate
1 > Connection: Keep-Alive
1 > Host: reqres.in
1 > User-Agent: Apache-HttpClient/4.5.12 (Java/1.8.0_181)

10:29:28.849 response time in milliseconds: 131.28
1 < 200
1 < Access-Control-Allow-Origin: *
1 < Age: 3620
1 < CF-Cache-Status: HIT
1 < CF-RAY: 5dd61e4749780085-LHR
1 < Cache-Control: max-age=14400
1 < Connection: keep-alive
1 < Content-Type: application/json; charset=utf-8
1 < Date: Mon, 05 Oct 2020 09:29:26 GMT
1 < Etag: W/"16e-/dQyOreIv6pEupp8RbP+u+utK/A"
1 < Expect-CT: max-age=604800, report-uri="https://report-uri.cloudflare.com/cdn-cgi/beacon/expect-ct"
1 < NEL: {"report_to":"cf-nel","max_age":604800}
1 < Report-To: {"endpoints":[{"url":"https:\/\/a.nel.cloudflare.com\/report?lkg-colo=21&lkg-time=1601890167"}],"group":"cf-nel","max_age":604800}
1 < Server: cloudflare
1 < Set-Cookie: __cfduid=d1b092ee18edbd4d486e17e6910e30f781601890166; expires=Wed, 04-Nov-20 09:29:26 GMT; path=/; domain=.reqres.in; HttpOnly; SameSite=Lax; Secure
1 < Transfer-Encoding: chunked
1 < Vary: Accept-Encoding
1 < Via: 1.1 vegur
1 < X-Powered-By: Express
1 < cf-request-id: 0599b14090000000853e8f5200000001
{"data":{"id":3,"email":"emma.wong@reqres.in","first_name":"Emma","last_name":"Wong","avatar":"https://s3.amazonaws.com/uifaces/faces/twitter/olegpogodaev/128.jpg"},"ad":{"company":"StatusCode Weekly","url":"http://statuscode.org/","text":"A weekly newsletter focusing on software development, infrastructure, the server, performance, and the stack end of things."}}

10:29:28.865 [print] {
  "ad": {
    "company": "StatusCode Weekly",
    "text": "A weekly newsletter focusing on software development, infrastructure, the server, performance, and the stack end of things.",
    "url": "http://statuscode.org/"
  },
  "data": {
    "last_name": "Wong",
    "id": 3,
    "avatar": "https://s3.amazonaws.com/uifaces/faces/twitter/olegpogodaev/128.jpg",
    "first_name": "Emma",
    "email": "emma.wong@reqres.in"
  }
}

10:29:28.865 assertion failed: path: $, actual: {"ad":{"company":"StatusCode Weekly","text":"A weekly newsletter focusing on software development, infrastructure, the server, performance, and the stack end of things.","url":"http:\/\/statuscode.org\/"},"data":{"last_name":"Wong","id":3,"avatar":"https:\/\/s3.amazonaws.com\/uifaces\/faces\/twitter\/olegpogodaev\/128.jpg","first_name":"Emma","email":"emma.wong@reqres.in"}}, expected: null, reason: actual value is not null
l value is not null
